<?xml version="1.0" encoding="UTF-8"?>
<testng-results ignored="0" total="2" passed="2" failed="0" skipped="0">
  <reporter-output>
  </reporter-output>
  <suite started-at="2024-03-16T00:26:42 IST" name="Rest Assured Testing" finished-at="2024-03-16T00:26:46 IST" duration-ms="3062">
    <groups>
    </groups>
    <test started-at="2024-03-16T00:26:42 IST" name="Tests" finished-at="2024-03-16T00:26:46 IST" duration-ms="3062">
      <class name="com.testcases.GetApiTest">
        <test-method is-config="true" signature="setup()[pri:0, instance:com.testcases.GetApiTest@25ddbbbb]" started-at="2024-03-16T00:26:42 IST" name="setup" finished-at="2024-03-16T00:26:43 IST" duration-ms="427" status="PASS">
          <reporter-output>
          </reporter-output>
        </test-method> <!-- setup -->
        <test-method signature="validateCustomerInfo(java.lang.String,java.lang.String)[pri:0, instance:com.testcases.GetApiTest@25ddbbbb]" started-at="2024-03-16T00:26:43 IST" name="validateCustomerInfo" data-provider="getData" finished-at="2024-03-16T00:26:45 IST" duration-ms="2049" status="PASS">
          <params>
            <param index="0">
              <value>
                <![CDATA[Neha]]>
              </value>
            </param>
            <param index="1">
              <value>
                <![CDATA[neha@example.com]]>
              </value>
            </param>
          </params>
          <reporter-output>
          </reporter-output>
        </test-method> <!-- validateCustomerInfo -->
        <test-method signature="validateCustomerInfo(java.lang.String,java.lang.String)[pri:0, instance:com.testcases.GetApiTest@25ddbbbb]" started-at="2024-03-16T00:26:45 IST" name="validateCustomerInfo" data-provider="getData" finished-at="2024-03-16T00:26:46 IST" duration-ms="523" status="PASS">
          <params>
            <param index="0">
              <value>
                <![CDATA[jyothi]]>
              </value>
            </param>
            <param index="1">
              <value>
                <![CDATA[jyothi@gmail.com]]>
              </value>
            </param>
          </params>
          <reporter-output>
          </reporter-output>
        </test-method> <!-- validateCustomerInfo -->
        <test-method is-config="true" signature="tearDown()[pri:0, instance:com.testcases.GetApiTest@25ddbbbb]" started-at="2024-03-16T00:26:46 IST" name="tearDown" finished-at="2024-03-16T00:26:46 IST" duration-ms="1" status="PASS">
          <reporter-output>
          </reporter-output>
        </test-method> <!-- tearDown -->
      </class> <!-- com.testcases.GetApiTest -->
    </test> <!-- Tests -->
  </suite> <!-- Rest Assured Testing -->
</testng-results>
